<?xml version="1.0" encoding="UTF-8"?>
<testsuite name="ErrorHandlingTest" tests="1" skipped="0" failures="0" errors="0" timestamp="2024-04-18T19:20:40" hostname="DESKTOP-8N6GV1T" time="0.121">
  <properties/>
  <testcase name="testReturnOptionalInstance()" classname="ErrorHandlingTest" time="0.121"/>
  <system-out><![CDATA[]]></system-out>
  <system-err><![CDATA[]]></system-err>
</testsuite>
