<?xml version="1.0" encoding="UTF-8"?>
<testsuite name="ResistorColorTest" tests="4" skipped="0" failures="0" errors="0" timestamp="2024-04-18T14:18:44" hostname="DESKTOP-8N6GV1T" time="0.21">
  <properties/>
  <testcase name="testWhiteColorCode()" classname="ResistorColorTest" time="0.16"/>
  <testcase name="testColors()" classname="ResistorColorTest" time="0.031"/>
  <testcase name="testBlackColorCode()" classname="ResistorColorTest" time="0.004"/>
  <testcase name="testOrangeColorCode()" classname="ResistorColorTest" time="0.003"/>
  <system-out><![CDATA[]]></system-out>
  <system-err><![CDATA[]]></system-err>
</testsuite>
