<?xml version="1.0" encoding="UTF-8"?>
<testsuite name="ResistorColorTest" tests="4" skipped="0" failures="0" errors="0" timestamp="2024-05-09T15:56:20" hostname="DESKTOP-8N6GV1T" time="0.396">
  <properties/>
  <testcase name="testWhiteColorCode()" classname="ResistorColorTest" time="0.289"/>
  <testcase name="testColors()" classname="ResistorColorTest" time="0.057"/>
  <testcase name="testBlackColorCode()" classname="ResistorColorTest" time="0.007"/>
  <testcase name="testOrangeColorCode()" classname="ResistorColorTest" time="0.025"/>
  <system-out><![CDATA[]]></system-out>
  <system-err><![CDATA[]]></system-err>
</testsuite>
