<?xml version="1.0" encoding="UTF-8"?>
<testsuite name="SimpleLinkedListTest" tests="1" skipped="0" failures="0" errors="0" timestamp="2024-04-19T13:19:51" hostname="DESKTOP-8N6GV1T" time="0.137">
  <properties/>
  <testcase name="canReturnEmptyListAsEmptyArray()" classname="SimpleLinkedListTest" time="0.137"/>
  <system-out><![CDATA[]]></system-out>
  <system-err><![CDATA[]]></system-err>
</testsuite>
