<?xml version="1.0" encoding="UTF-8"?>
<testsuite name="PythagoreanTripletTest" tests="1" skipped="0" failures="0" errors="0" timestamp="2024-04-19T07:05:27" hostname="DESKTOP-8N6GV1T" time="0.193">
  <properties/>
  <testcase name="tripletsWhoseSumIs30000WithFactorsLessThanOrEqualTo12500()" classname="PythagoreanTripletTest" time="0.193"/>
  <system-out><![CDATA[]]></system-out>
  <system-err><![CDATA[]]></system-err>
</testsuite>
