<?xml version="1.0" encoding="UTF-8"?>
<testsuite name="TwoferTest" tests="3" skipped="0" failures="0" errors="0" timestamp="2024-04-18T08:29:26" hostname="DESKTOP-8N6GV1T" time="0.124">
  <properties/>
  <testcase name="noNameGiven()" classname="TwoferTest" time="0.104"/>
  <testcase name="aNameGiven()" classname="TwoferTest" time="0.011"/>
  <testcase name="anotherNameGiven()" classname="TwoferTest" time="0.001"/>
  <system-out><![CDATA[]]></system-out>
  <system-err><![CDATA[]]></system-err>
</testsuite>
